TN:
SF:src/App.tsx
FN:1,(empty-report)
FNF:1
FNH:0
FNDA:0,(empty-report)
DA:1,0
DA:2,0
DA:3,0
DA:4,0
DA:5,0
DA:6,0
DA:7,0
DA:8,0
DA:9,0
DA:10,0
DA:11,0
DA:12,0
DA:13,0
DA:14,0
DA:15,0
LF:15
LH:0
BRDA:1,0,0,0
BRF:1
BRH:0
end_of_record
TN:
SF:src/main.tsx
FN:1,(empty-report)
FNF:1
FNH:0
FNDA:0,(empty-report)
DA:1,0
DA:2,0
DA:3,0
DA:4,0
DA:5,0
LF:5
LH:0
BRDA:1,0,0,0
BRF:1
BRH:0
end_of_record
TN:
SF:src/components/Button/Button.tsx
FN:16,Button
FNF:1
FNH:1
FNDA:9,Button
DA:1,1
DA:2,1
DA:3,1
DA:4,1
DA:5,1
DA:6,1
DA:7,1
DA:8,1
DA:9,1
DA:10,1
DA:11,1
DA:12,1
DA:13,1
DA:14,1
DA:15,1
DA:16,1
DA:17,9
DA:18,9
DA:19,9
DA:20,9
DA:21,9
DA:22,9
DA:23,9
DA:24,9
DA:25,9
DA:26,9
DA:27,9
DA:28,9
DA:29,9
DA:30,9
DA:31,9
DA:32,9
DA:33,9
DA:34,9
DA:35,9
DA:36,9
DA:37,9
DA:38,9
DA:39,9
DA:40,9
LF:40
LH:40
BRDA:16,0,0,9
BRDA:28,1,0,3
BRDA:28,2,0,6
BRDA:32,3,0,3
BRDA:32,4,0,6
BRDA:37,5,0,0
BRF:6
BRH:5
end_of_record
TN:
SF:src/components/CartDrawer/CartDrawer.tsx
FN:13,CartDrawer
FN:18,handleClose
FN:22,handleAddProduct
FN:24,handleSubtractProduct
FN:27,onRemoveProduct
FNF:5
FNH:1
FNDA:3,CartDrawer
FNDA:0,handleClose
FNDA:0,handleAddProduct
FNDA:0,handleSubtractProduct
FNDA:0,onRemoveProduct
DA:1,1
DA:2,1
DA:3,1
DA:4,1
DA:5,1
DA:6,1
DA:7,1
DA:8,1
DA:9,1
DA:10,1
DA:11,1
DA:12,1
DA:13,1
DA:14,3
DA:15,3
DA:16,3
DA:17,3
DA:18,3
DA:19,0
DA:20,0
DA:21,3
DA:22,3
DA:23,3
DA:24,3
DA:25,0
DA:26,3
DA:27,3
DA:28,0
DA:29,0
DA:30,3
DA:31,3
DA:32,3
DA:33,3
DA:34,3
DA:35,3
DA:36,3
DA:37,3
DA:38,3
DA:39,3
DA:40,3
DA:41,3
DA:42,3
DA:43,3
DA:44,3
DA:45,3
DA:46,3
DA:47,3
DA:48,3
DA:49,3
DA:50,3
DA:51,3
DA:52,3
DA:53,3
DA:54,3
DA:55,3
DA:56,3
DA:57,0
DA:58,0
DA:59,0
DA:60,0
DA:61,0
DA:62,0
DA:63,0
DA:64,0
DA:65,3
DA:66,3
DA:67,3
DA:68,3
DA:69,3
DA:70,3
DA:71,3
DA:72,3
DA:73,3
DA:74,3
DA:75,3
DA:76,3
DA:77,3
DA:78,3
DA:79,3
DA:80,3
DA:81,3
DA:82,3
DA:83,3
DA:84,3
DA:85,3
DA:86,3
DA:87,3
DA:88,3
DA:89,3
DA:90,3
LF:90
LH:77
BRDA:13,0,0,3
BRDA:32,1,0,0
BRDA:33,2,0,0
BRF:3
BRH:1
end_of_record
TN:
SF:src/components/CartProductCard/CartProductCard.tsx
FN:20,CartProductCard
FNF:1
FNH:0
FNDA:0,CartProductCard
DA:1,1
DA:2,1
DA:3,1
DA:4,1
DA:5,1
DA:6,1
DA:7,1
DA:8,1
DA:9,1
DA:10,1
DA:11,1
DA:12,1
DA:13,1
DA:14,1
DA:15,1
DA:16,1
DA:17,1
DA:18,1
DA:19,1
DA:20,1
DA:21,0
DA:22,0
DA:23,0
DA:24,0
DA:25,0
DA:26,0
DA:27,0
DA:28,0
DA:29,0
DA:30,0
DA:31,0
DA:32,0
DA:33,0
DA:34,0
DA:35,0
DA:36,0
DA:37,0
DA:38,0
DA:39,0
DA:40,0
DA:41,0
DA:42,0
DA:43,0
DA:44,0
DA:45,0
DA:46,0
DA:47,0
DA:48,0
DA:49,0
DA:50,0
DA:51,0
DA:52,0
DA:53,0
DA:54,0
DA:55,0
DA:56,0
DA:57,0
DA:58,0
DA:59,0
DA:60,0
DA:61,0
DA:62,0
DA:63,0
DA:64,0
DA:65,0
LF:65
LH:20
BRF:0
BRH:0
end_of_record
TN:
SF:src/components/Layout/Layout.tsx
FN:10,Layout
FN:16,openDrawerHandler
FN:44,onClose
FNF:3
FNH:1
FNDA:3,Layout
FNDA:0,openDrawerHandler
FNDA:0,onClose
DA:1,1
DA:2,1
DA:3,1
DA:4,1
DA:5,1
DA:6,1
DA:7,1
DA:8,1
DA:9,1
DA:10,1
DA:11,3
DA:12,3
DA:13,3
DA:14,3
DA:15,3
DA:16,3
DA:17,3
DA:18,3
DA:19,3
DA:20,1
DA:21,1
DA:22,3
DA:23,3
DA:24,3
DA:25,3
DA:26,3
DA:27,3
DA:28,3
DA:29,3
DA:30,3
DA:31,3
DA:32,3
DA:33,3
DA:34,3
DA:35,3
DA:36,3
DA:37,3
DA:38,3
DA:39,3
DA:40,3
DA:41,3
DA:42,3
DA:43,3
DA:44,3
DA:45,3
DA:46,3
DA:47,3
DA:48,3
LF:48
LH:48
BRDA:10,0,0,3
BRDA:18,1,0,3
BRDA:19,2,0,1
BRF:3
BRH:3
end_of_record
TN:
SF:src/components/ProductCard/ProductCard.tsx
FN:9,ProductCard
FN:20,buyHandler
FNF:2
FNH:1
FNDA:8,ProductCard
FNDA:0,buyHandler
DA:1,1
DA:2,1
DA:3,1
DA:4,1
DA:5,1
DA:6,1
DA:7,1
DA:8,1
DA:9,1
DA:10,8
DA:11,8
DA:12,8
DA:13,8
DA:14,8
DA:15,8
DA:16,8
DA:17,8
DA:18,8
DA:19,8
DA:20,8
DA:21,0
DA:22,0
DA:23,8
DA:24,8
DA:25,8
DA:26,8
DA:27,8
DA:28,8
DA:29,8
DA:30,8
DA:31,8
DA:32,8
DA:33,8
DA:34,8
DA:35,8
DA:36,8
DA:37,8
DA:38,8
DA:39,8
DA:40,8
DA:41,8
DA:42,8
LF:42
LH:40
BRDA:9,0,0,8
BRF:1
BRH:1
end_of_record
TN:
SF:src/components/ProductCard/ProductCardSkeleton.tsx
FN:3,ProductCardSkeleton
FNF:1
FNH:1
FNDA:4,ProductCardSkeleton
DA:1,1
DA:2,1
DA:3,1
DA:4,4
DA:5,4
DA:6,4
DA:7,4
DA:8,4
DA:9,4
DA:10,4
DA:11,4
DA:12,4
DA:13,4
DA:14,4
DA:15,4
DA:16,4
LF:16
LH:16
BRDA:3,0,0,4
BRF:1
BRH:1
end_of_record
TN:
SF:src/components/QuantitySelector/QuantitySelector.tsx
FN:9,QuantitySelector
FNF:1
FNH:0
FNDA:0,QuantitySelector
DA:1,1
DA:2,1
DA:3,1
DA:4,1
DA:5,1
DA:6,1
DA:7,1
DA:8,1
DA:9,1
DA:10,0
DA:11,0
DA:12,0
DA:13,0
DA:14,0
DA:15,0
DA:16,0
DA:17,0
DA:18,0
DA:19,0
DA:20,0
DA:21,0
DA:22,0
DA:23,0
DA:24,0
DA:25,0
DA:26,0
DA:27,0
DA:28,0
DA:29,0
DA:30,0
LF:30
LH:9
BRF:0
BRH:0
end_of_record
TN:
SF:src/components/Text/Text.tsx
FN:10,Text
FNF:1
FNH:1
FNDA:27,Text
DA:1,1
DA:2,1
DA:3,1
DA:4,1
DA:5,1
DA:6,1
DA:7,1
DA:8,1
DA:9,1
DA:10,1
DA:11,27
DA:12,27
DA:13,27
DA:14,27
LF:14
LH:14
BRDA:10,0,0,27
BRF:1
BRH:1
end_of_record
TN:
SF:src/contexts/CartContext/CartContext.tsx
FN:11,CartProvider
FNF:1
FNH:0
FNDA:0,CartProvider
DA:1,1
DA:2,1
DA:3,1
DA:4,1
DA:5,1
DA:6,1
DA:7,1
DA:8,1
DA:9,1
DA:10,1
DA:11,1
DA:12,0
DA:13,0
DA:14,0
DA:15,0
DA:16,0
DA:17,0
DA:18,0
DA:19,0
DA:20,0
DA:21,0
DA:22,0
DA:23,0
DA:24,0
DA:25,0
DA:26,0
DA:27,0
DA:28,0
DA:29,0
DA:30,0
DA:31,0
DA:32,0
DA:33,0
DA:34,0
DA:35,0
DA:36,0
DA:37,0
DA:38,0
DA:39,0
DA:40,0
DA:41,0
DA:42,0
DA:43,0
DA:44,0
DA:45,0
DA:46,0
DA:47,0
DA:48,0
DA:49,0
DA:50,0
DA:51,0
DA:52,0
DA:53,0
DA:54,0
DA:55,0
DA:56,0
DA:57,0
DA:58,0
DA:59,0
DA:60,0
DA:61,0
DA:62,0
DA:63,0
DA:64,0
DA:65,0
DA:66,0
DA:67,0
DA:68,0
DA:69,0
DA:70,0
DA:71,0
DA:72,0
DA:73,0
DA:74,0
DA:75,0
DA:76,0
DA:77,0
DA:78,0
DA:79,0
DA:80,0
DA:81,0
DA:82,0
DA:83,0
DA:84,0
DA:85,0
DA:86,0
DA:87,0
DA:88,0
DA:89,0
DA:90,0
DA:91,0
DA:92,0
DA:93,0
DA:94,0
DA:95,0
DA:96,0
DA:97,0
DA:98,0
DA:99,0
DA:100,0
DA:101,0
DA:102,0
DA:103,0
DA:104,0
DA:105,0
DA:106,0
DA:107,0
LF:107
LH:11
BRF:0
BRH:0
end_of_record
TN:
SF:src/contexts/CartContext/CartContextDefaults.ts
FN:18,addCartProduct
FN:19,removeCartProduct
FN:20,updateCartProductQuantity
FN:21,getCartTotalPrice
FN:22,getCartTotalProducts
FNF:5
FNH:2
FNDA:0,addCartProduct
FNDA:0,removeCartProduct
FNDA:0,updateCartProductQuantity
FNDA:3,getCartTotalPrice
FNDA:6,getCartTotalProducts
DA:1,1
DA:2,1
DA:3,1
DA:4,1
DA:5,1
DA:6,1
DA:7,1
DA:8,1
DA:9,1
DA:10,1
DA:11,1
DA:12,1
DA:13,1
DA:14,1
DA:15,1
DA:16,1
DA:17,1
DA:18,1
DA:19,1
DA:20,1
DA:21,1
DA:22,1
DA:23,1
LF:23
LH:23
BRDA:21,0,0,3
BRDA:22,1,0,6
BRF:2
BRH:2
end_of_record
TN:
SF:src/contexts/CartContext/useCartContext.tsx
FN:4,useCartContext
FNF:1
FNH:1
FNDA:6,useCartContext
DA:1,1
DA:2,1
DA:3,1
DA:4,1
DA:5,6
DA:6,6
LF:6
LH:6
BRDA:4,0,0,6
BRF:1
BRH:1
end_of_record
TN:
SF:src/contexts/ProductListContext/ProductListContext.tsx
FN:15,ProductListProvider
FN:23,queryFn
FNF:2
FNH:2
FNDA:7,ProductListProvider
FNDA:4,queryFn
DA:1,1
DA:2,1
DA:3,1
DA:4,1
DA:5,1
DA:6,1
DA:7,1
DA:8,1
DA:9,1
DA:10,1
DA:11,1
DA:12,1
DA:13,1
DA:14,1
DA:15,1
DA:16,7
DA:17,7
DA:18,7
DA:19,7
DA:20,7
DA:21,7
DA:22,7
DA:23,7
DA:24,7
DA:25,7
DA:26,7
DA:27,7
DA:28,7
DA:29,7
DA:30,7
DA:31,7
DA:32,7
LF:32
LH:32
BRDA:15,0,0,7
BRDA:23,1,0,4
BRDA:27,2,0,7
BRF:3
BRH:3
end_of_record
TN:
SF:src/contexts/ProductListContext/ProductListContextDefaults.ts
FNF:0
FNH:0
DA:1,1
DA:2,1
DA:3,1
DA:4,1
DA:5,1
DA:6,1
DA:7,1
DA:8,1
DA:9,1
DA:10,1
DA:11,1
DA:12,1
DA:13,1
DA:14,1
DA:15,1
DA:16,1
DA:17,1
DA:18,1
DA:19,1
DA:20,1
DA:21,1
LF:21
LH:21
BRF:0
BRH:0
end_of_record
TN:
SF:src/contexts/ProductListContext/useProductListContext.tsx
FN:4,useProductListContext
FNF:1
FNH:1
FNDA:7,useProductListContext
DA:1,1
DA:2,1
DA:3,1
DA:4,1
DA:5,7
DA:6,7
LF:6
LH:6
BRDA:4,0,0,7
BRF:1
BRH:1
end_of_record
TN:
SF:src/pages/Dashboard/Dashboard.tsx
FN:6,Dashboard
FNF:1
FNH:1
FNDA:7,Dashboard
DA:1,1
DA:2,1
DA:3,1
DA:4,1
DA:5,1
DA:6,1
DA:7,7
DA:8,7
DA:9,7
DA:10,7
DA:11,7
DA:12,1
DA:13,1
DA:14,1
DA:15,1
DA:16,1
DA:17,8
DA:18,8
DA:19,8
DA:20,8
DA:21,8
DA:22,8
DA:23,8
DA:24,8
DA:25,8
DA:26,8
DA:27,8
DA:28,1
DA:29,1
DA:30,1
DA:31,1
LF:31
LH:31
BRDA:6,0,0,7
BRDA:9,1,0,4
BRDA:9,2,0,3
BRDA:11,3,0,1
BRDA:16,4,0,8
BRF:5
BRH:5
end_of_record
TN:
SF:src/services/apis.ts
FN:12,getProductList
FNF:1
FNH:1
FNDA:4,getProductList
DA:1,1
DA:2,1
DA:3,1
DA:4,1
DA:5,1
DA:6,1
DA:7,1
DA:8,1
DA:9,1
DA:10,1
DA:11,1
DA:12,1
DA:13,4
DA:14,4
DA:15,4
DA:16,4
DA:17,4
DA:18,4
DA:19,4
DA:20,4
DA:21,4
DA:22,4
DA:23,4
DA:24,4
DA:25,4
DA:26,4
DA:27,2
DA:28,2
DA:29,4
DA:30,4
DA:31,4
DA:32,4
LF:32
LH:32
BRDA:12,0,0,4
BRDA:26,1,0,2
BRF:2
BRH:2
end_of_record
